{"/home/cleriston/Documents/Projetos/portuario/back_node/src/teste.ts": {"path":"/home/cleriston/Documents/Projetos/portuario/back_node/src/teste.ts","statementMap":{"0":{"start":{"line":3,"column":4},"end":{"line":3,"column":null}},"1":{"start":{"line":1,"column":0},"end":{"line":1,"column":13}},"2":{"start":{"line":7,"column":10},"end":{"line":7,"column":21}},"3":{"start":{"line":9,"column":0},"end":{"line":9,"column":null}}},"fnMap":{"0":{"name":"(anonymous_0)","decl":{"start":{"line":2,"column":2},"end":{"line":2,"column":7}},"loc":{"start":{"line":2,"column":7},"end":{"line":4,"column":3}}}},"branchMap":{},"s":{"0":0,"1":0,"2":0,"3":0},"f":{"0":0},"b":{}}
}
