{"/home/cleriston/Documents/Projetos/portuario/back_node/src/dataprovider/helper/prepare-value.ts": {"path":"/home/cleriston/Documents/Projetos/portuario/back_node/src/dataprovider/helper/prepare-value.ts","statementMap":{"0":{"start":{"line":1,"column":23},"end":{"line":10,"column":1}},"1":{"start":{"line":2,"column":2},"end":{"line":9,"column":null}},"2":{"start":{"line":4,"column":6},"end":{"line":4,"column":null}},"3":{"start":{"line":5,"column":6},"end":{"line":5,"column":null}},"4":{"start":{"line":8,"column":6},"end":{"line":8,"column":null}},"5":{"start":{"line":1,"column":13},"end":{"line":1,"column":23}}},"fnMap":{"0":{"name":"(anonymous_0)","decl":{"start":{"line":1,"column":23},"end":{"line":1,"column":24}},"loc":{"start":{"line":1,"column":67},"end":{"line":10,"column":1}}}},"branchMap":{"0":{"loc":{"start":{"line":3,"column":4},"end":{"line":5,"column":null}},"type":"switch","locations":[{"start":{"line":3,"column":4},"end":{"line":5,"column":null}},{"start":{"line":7,"column":4},"end":{"line":8,"column":null}}]}},"s":{"0":0,"1":0,"2":0,"3":0,"4":0,"5":0},"f":{"0":0},"b":{"0":[0,0]}}
,"/home/cleriston/Documents/Projetos/portuario/back_node/src/dataprovider/implements/expression.ts": {"path":"/home/cleriston/Documents/Projetos/portuario/back_node/src/dataprovider/implements/expression.ts","statementMap":{"0":{"start":{"line":1,"column":0},"end":{"line":1,"column":44}},"1":{"start":{"line":4,"column":19},"end":{"line":4,"column":null}},"2":{"start":{"line":5,"column":19},"end":{"line":5,"column":null}},"3":{"start":{"line":3,"column":0},"end":{"line":3,"column":22}}},"fnMap":{"0":{"name":"(anonymous_0)","decl":{"start":{"line":3,"column":0},"end":{"line":3,"column":22}},"loc":{"start":{"line":3,"column":0},"end":{"line":7,"column":1}}}},"branchMap":{},"s":{"0":0,"1":0,"2":0,"3":0},"f":{"0":0},"b":{}}
,"/home/cleriston/Documents/Projetos/portuario/back_node/src/dataprovider/implements/logical-enum.ts": {"path":"/home/cleriston/Documents/Projetos/portuario/back_node/src/dataprovider/implements/logical-enum.ts","statementMap":{"0":{"start":{"line":1,"column":0},"end":{"line":1,"column":null}},"1":{"start":{"line":2,"column":2},"end":{"line":2,"column":null}},"2":{"start":{"line":3,"column":2},"end":{"line":3,"column":null}}},"fnMap":{"0":{"name":"(anonymous_0)","decl":{"start":{"line":1,"column":0},"end":{"line":1,"column":12}},"loc":{"start":{"line":1,"column":23},"end":{"line":4,"column":1}}}},"branchMap":{"0":{"loc":{"start":{"line":1,"column":12},"end":{"line":1,"column":23}},"type":"binary-expr","locations":[{"start":{"line":1,"column":12},"end":{"line":1,"column":23}},{"start":{"line":1,"column":12},"end":{"line":1,"column":null}}]}},"s":{"0":0,"1":0,"2":0},"f":{"0":0},"b":{"0":[0,0]}}
,"/home/cleriston/Documents/Projetos/portuario/back_node/src/dataprovider/implements/criteria/criteria.ts": {"path":"/home/cleriston/Documents/Projetos/portuario/back_node/src/dataprovider/implements/criteria/criteria.ts","statementMap":{"0":{"start":{"line":2,"column":0},"end":{"line":2,"column":42}},"1":{"start":{"line":3,"column":0},"end":{"line":3,"column":45}},"2":{"start":{"line":6,"column":12},"end":{"line":6,"column":null}},"3":{"start":{"line":7,"column":12},"end":{"line":7,"column":null}},"4":{"start":{"line":8,"column":12},"end":{"line":8,"column":null}},"5":{"start":{"line":10,"column":4},"end":{"line":10,"column":null}},"6":{"start":{"line":11,"column":4},"end":{"line":11,"column":null}},"7":{"start":{"line":15,"column":35},"end":{"line":15,"column":37}},"8":{"start":{"line":16,"column":26},"end":{"line":16,"column":49}},"9":{"start":{"line":17,"column":4},"end":{"line":17,"column":null}},"10":{"start":{"line":17,"column":29},"end":{"line":17,"column":null}},"11":{"start":{"line":18,"column":4},"end":{"line":25,"column":null}},"12":{"start":{"line":19,"column":6},"end":{"line":19,"column":null}},"13":{"start":{"line":20,"column":6},"end":{"line":23,"column":null}},"14":{"start":{"line":21,"column":25},"end":{"line":21,"column":40}},"15":{"start":{"line":22,"column":8},"end":{"line":22,"column":null}},"16":{"start":{"line":24,"column":6},"end":{"line":24,"column":null}},"17":{"start":{"line":26,"column":4},"end":{"line":26,"column":null}},"18":{"start":{"line":27,"column":4},"end":{"line":27,"column":null}},"19":{"start":{"line":5,"column":0},"end":{"line":5,"column":13}}},"fnMap":{"0":{"name":"(anonymous_0)","decl":{"start":{"line":5,"column":0},"end":{"line":5,"column":13}},"loc":{"start":{"line":5,"column":0},"end":{"line":29,"column":1}}},"1":{"name":"(anonymous_1)","decl":{"start":{"line":9,"column":2},"end":{"line":9,"column":5}},"loc":{"start":{"line":9,"column":69},"end":{"line":12,"column":3}}},"2":{"name":"(anonymous_2)","decl":{"start":{"line":14,"column":2},"end":{"line":14,"column":6}},"loc":{"start":{"line":14,"column":6},"end":{"line":28,"column":3}}},"3":{"name":"(anonymous_3)","decl":{"start":{"line":18,"column":29},"end":{"line":18,"column":30}},"loc":{"start":{"line":18,"column":67},"end":{"line":25,"column":5}}}},"branchMap":{"0":{"loc":{"start":{"line":9,"column":54},"end":{"line":9,"column":69}},"type":"default-arg","locations":[{"start":{"line":9,"column":54},"end":{"line":9,"column":69}}]},"1":{"loc":{"start":{"line":17,"column":4},"end":{"line":17,"column":null}},"type":"if","locations":[{"start":{"line":17,"column":4},"end":{"line":17,"column":null}},{"start":{"line":17,"column":4},"end":{"line":17,"column":null}}]},"2":{"loc":{"start":{"line":20,"column":6},"end":{"line":23,"column":null}},"type":"if","locations":[{"start":{"line":20,"column":6},"end":{"line":23,"column":null}},{"start":{"line":20,"column":6},"end":{"line":23,"column":null}}]}},"s":{"0":0,"1":0,"2":0,"3":0,"4":0,"5":0,"6":0,"7":0,"8":0,"9":0,"10":0,"11":0,"12":0,"13":0,"14":0,"15":0,"16":0,"17":0,"18":0,"19":0},"f":{"0":0,"1":0,"2":0,"3":0},"b":{"0":[0],"1":[0,0],"2":[0,0]}}
,"/home/cleriston/Documents/Projetos/portuario/back_node/src/dataprovider/implements/filter/filter.ts": {"path":"/home/cleriston/Documents/Projetos/portuario/back_node/src/dataprovider/implements/filter/filter.ts","statementMap":{"0":{"start":{"line":1,"column":0},"end":{"line":1,"column":52}},"1":{"start":{"line":2,"column":0},"end":{"line":2,"column":42}},"2":{"start":{"line":7,"column":4},"end":{"line":7,"column":null}},"3":{"start":{"line":8,"column":26},"end":{"line":8,"column":40}},"4":{"start":{"line":9,"column":4},"end":{"line":9,"column":null}},"5":{"start":{"line":13,"column":4},"end":{"line":13,"column":null}},"6":{"start":{"line":4,"column":0},"end":{"line":4,"column":13}}},"fnMap":{"0":{"name":"(anonymous_0)","decl":{"start":{"line":6,"column":2},"end":{"line":6,"column":15}},"loc":{"start":{"line":6,"column":69},"end":{"line":10,"column":3}}},"1":{"name":"(anonymous_1)","decl":{"start":{"line":12,"column":2},"end":{"line":12,"column":6}},"loc":{"start":{"line":12,"column":6},"end":{"line":14,"column":3}}}},"branchMap":{},"s":{"0":0,"1":0,"2":0,"3":0,"4":0,"5":0,"6":0},"f":{"0":0,"1":0},"b":{}}
,"/home/cleriston/Documents/Projetos/portuario/back_node/src/presentation/controller/create-fatura-by-processo.ts": {"path":"/home/cleriston/Documents/Projetos/portuario/back_node/src/presentation/controller/create-fatura-by-processo.ts","statementMap":{"0":{"start":{"line":6,"column":4},"end":{"line":6,"column":null}},"1":{"start":{"line":4,"column":0},"end":{"line":4,"column":13}}},"fnMap":{"0":{"name":"(anonymous_0)","decl":{"start":{"line":5,"column":2},"end":{"line":5,"column":8}},"loc":{"start":{"line":5,"column":37},"end":{"line":7,"column":3}}}},"branchMap":{},"s":{"0":1,"1":1},"f":{"0":1},"b":{}}
,"/home/cleriston/Documents/Projetos/portuario/back_node/src/presentation/error/dependency-error.ts": {"path":"/home/cleriston/Documents/Projetos/portuario/back_node/src/presentation/error/dependency-error.ts","statementMap":{"0":{"start":{"line":3,"column":4},"end":{"line":3,"column":null}},"1":{"start":{"line":4,"column":4},"end":{"line":4,"column":null}},"2":{"start":{"line":1,"column":0},"end":{"line":1,"column":13}}},"fnMap":{"0":{"name":"(anonymous_0)","decl":{"start":{"line":2,"column":2},"end":{"line":2,"column":15}},"loc":{"start":{"line":2,"column":30},"end":{"line":5,"column":3}}}},"branchMap":{},"s":{"0":0,"1":0,"2":0},"f":{"0":0},"b":{}}
}
