TN:
SF:src/dataprovider/helper/prepare-value.ts
FN:1,(anonymous_0)
FNF:1
FNH:1
FNDA:9,(anonymous_0)
DA:1,2
DA:2,9
DA:4,9
DA:5,9
DA:8,0
LF:5
LH:4
BRDA:3,0,0,9
BRDA:3,0,1,0
BRF:2
BRH:1
end_of_record
TN:
SF:src/dataprovider/implements/expression.ts
FN:3,(anonymous_0)
FNF:1
FNH:1
FNDA:12,(anonymous_0)
DA:1,2
DA:3,2
DA:4,12
DA:5,12
LF:4
LH:4
BRF:0
BRH:0
end_of_record
TN:
SF:src/dataprovider/implements/logical-enum.ts
FN:1,(anonymous_0)
FNF:1
FNH:1
FNDA:2,(anonymous_0)
DA:1,2
DA:2,2
DA:3,2
LF:3
LH:3
BRDA:1,0,0,2
BRDA:1,0,1,2
BRF:2
BRH:2
end_of_record
TN:
SF:src/dataprovider/implements/criteria/criteria.ts
FN:5,(anonymous_0)
FN:9,(anonymous_1)
FN:14,(anonymous_2)
FN:18,(anonymous_3)
FNF:4
FNH:4
FNDA:4,(anonymous_0)
FNDA:8,(anonymous_1)
FNDA:3,(anonymous_2)
FNDA:7,(anonymous_3)
DA:2,1
DA:3,1
DA:5,1
DA:6,4
DA:7,4
DA:8,4
DA:10,8
DA:11,8
DA:15,3
DA:16,3
DA:17,3
DA:18,3
DA:19,7
DA:20,7
DA:21,4
DA:22,4
DA:24,7
DA:26,3
DA:27,3
LF:19
LH:19
BRDA:9,0,0,6
BRDA:17,1,0,0
BRDA:17,1,1,3
BRDA:20,2,0,4
BRDA:20,2,1,3
BRF:5
BRH:4
end_of_record
TN:
SF:src/dataprovider/implements/filter/filter.ts
FN:6,(anonymous_0)
FN:12,(anonymous_1)
FNF:2
FNH:2
FNDA:8,(anonymous_0)
FNDA:6,(anonymous_1)
DA:1,2
DA:2,2
DA:4,2
DA:7,8
DA:8,8
DA:9,8
DA:13,6
LF:7
LH:7
BRF:0
BRH:0
end_of_record
TN:
SF:src/presentation/error/dependency-error.ts
FN:2,(anonymous_0)
FNF:1
FNH:0
FNDA:0,(anonymous_0)
DA:1,0
DA:3,0
DA:4,0
LF:3
LH:0
BRF:0
BRH:0
end_of_record
